<?xml version="1.0" encoding="UTF-8"?>
<!-- Generated by org.testng.reporters.JUnitXMLReporter -->
<testsuite ignored="1" hostname="vinayaktulewindows" failures="1" tests="2" name="Test" time="48.142" errors="0" timestamp="2021-12-10T02:35:25 IST">
  <testcase classname="testsuite.TC001_LoginTest" name="testLogin_Logout" time="19.536"/>
  <testcase classname="testsuite.TC002_SubscribeNewsletter" name="testSubscribeToNewsletter" time="23.863">
    <failure type="org.openqa.selenium.ElementClickInterceptedException" message="element click intercepted: Element &amp;lt;a class=&amp;quot;logout&amp;quot; href=&amp;quot;http://automationpractice.com/index.php?mylogout=&amp;quot; rel=&amp;quot;nofollow&amp;quot; title=&amp;quot;Log me out&amp;quot;&amp;gt;...&amp;lt;/a&amp;gt; is not clickable at point (1226, 18). Other element would receive the click: &amp;lt;p class=&amp;quot;alert alert-danger&amp;quot;&amp;gt;...&amp;lt;/p&amp;gt;
  (Session info: chrome=96.0.4664.93)
Build info: version: &amp;apos;4.0.0-alpha-2&amp;apos;, revision: &amp;apos;f148142cf8&amp;apos;, time: &amp;apos;2019-07-01T20:55:26&amp;apos;
System info: host: &amp;apos;VINAYAKTULEWIND&amp;apos;, ip: &amp;apos;192.168.0.162&amp;apos;, os.name: &amp;apos;Windows 10&amp;apos;, os.arch: &amp;apos;amd64&amp;apos;, os.version: &amp;apos;10.0&amp;apos;, java.version: &amp;apos;16.0.2&amp;apos;
Driver info: org.openqa.selenium.chrome.ChromeDriver
Capabilities {acceptInsecureCerts: false, browserName: chrome, browserVersion: 96.0.4664.93, chrome: {chromedriverVersion: 96.0.4664.45 (76e4c1bb2ab46..., userDataDir: C:\Users\BLACKK~1\AppData\L...}, goog:chromeOptions: {debuggerAddress: localhost:64959}, javascriptEnabled: true, networkConnectionEnabled: false, pageLoadStrategy: normal, platform: WINDOWS, platformName: WINDOWS, proxy: Proxy(), setWindowRect: true, strictFileInteractability: false, timeouts: {implicit: 0, pageLoad: 300000, script: 30000}, unhandledPromptBehavior: dismiss and notify, webauthn:extension:credBlob: true, webauthn:extension:largeBlob: true, webauthn:virtualAuthenticators: true}
Session ID: 74165ecdcb6d655e91989797412dd103">
      <![CDATA[org.openqa.selenium.ElementClickInterceptedException: element click intercepted: Element <a class="logout" href="http://automationpractice.com/index.php?mylogout=" rel="nofollow" title="Log me out">...</a> is not clickable at point (1226, 18). Other element would receive the click: <p class="alert alert-danger">...</p>
  (Session info: chrome=96.0.4664.93)
Build info: version: '4.0.0-alpha-2', revision: 'f148142cf8', time: '2019-07-01T20:55:26'
System info: host: 'VINAYAKTULEWIND', ip: '192.168.0.162', os.name: 'Windows 10', os.arch: 'amd64', os.version: '10.0', java.version: '16.0.2'
Driver info: org.openqa.selenium.chrome.ChromeDriver
Capabilities {acceptInsecureCerts: false, browserName: chrome, browserVersion: 96.0.4664.93, chrome: {chromedriverVersion: 96.0.4664.45 (76e4c1bb2ab46..., userDataDir: C:\Users\BLACKK~1\AppData\L...}, goog:chromeOptions: {debuggerAddress: localhost:64959}, javascriptEnabled: true, networkConnectionEnabled: false, pageLoadStrategy: normal, platform: WINDOWS, platformName: WINDOWS, proxy: Proxy(), setWindowRect: true, strictFileInteractability: false, timeouts: {implicit: 0, pageLoad: 300000, script: 30000}, unhandledPromptBehavior: dismiss and notify, webauthn:extension:credBlob: true, webauthn:extension:largeBlob: true, webauthn:virtualAuthenticators: true}
Session ID: 74165ecdcb6d655e91989797412dd103
at org.openqa.selenium.remote.codec.w3c.W3CHttpResponseCodec.createException(W3CHttpResponseCodec.java:191)
at org.openqa.selenium.remote.codec.w3c.W3CHttpResponseCodec.decode(W3CHttpResponseCodec.java:125)
at org.openqa.selenium.remote.codec.w3c.W3CHttpResponseCodec.decode(W3CHttpResponseCodec.java:52)
at org.openqa.selenium.remote.HttpCommandExecutor.execute(HttpCommandExecutor.java:161)
at org.openqa.selenium.remote.service.DriverCommandExecutor.execute(DriverCommandExecutor.java:83)
at org.openqa.selenium.remote.RemoteWebDriver.execute(RemoteWebDriver.java:576)
at org.openqa.selenium.remote.RemoteWebElement.execute(RemoteWebElement.java:308)
at org.openqa.selenium.remote.RemoteWebElement.click(RemoteWebElement.java:83)
at commands.ActionDriver.click(ActionDriver.java:32)
at common.CommonFuntions.logout(CommonFuntions.java:32)
at testsuite.TC002_SubscribeNewsletter.testSubscribeToNewsletter(TC002_SubscribeNewsletter.java:17)
at java.base/java.util.ArrayList.forEach(ArrayList.java:1511)
... Removed 32 stack frames]]>
    </failure>
  </testcase> <!-- testSubscribeToNewsletter -->
  <testcase classname="config.Browser" name="@BeforeTest report" time="0.0">
    <ignored/>
  </testcase> <!-- @BeforeTest report -->
</testsuite> <!-- Test -->
